<?xml version="1.0" encoding="UTF-8"?>
<!-- Generated by org.testng.reporters.JUnitXMLReporter -->
<testsuite ignored="0" hostname="NGL001244" failures="0" tests="2" name="Default test" time="0.058" errors="0" timestamp="2021-09-20T16:57:28 IST">
  <testcase classname="test.com.persistent.testcases.registerLogin.ValidateLoginRegister" name="adminRegister" time="0.0">
    <skipped/>
  </testcase> <!-- adminRegister -->
  <testcase classname="test.com.persistent.testcases.registerLogin.ValidateLoginRegister" name="adminLogin" time="0.0">
    <skipped/>
  </testcase> <!-- adminLogin -->
</testsuite> <!-- Default test -->
