<?xml version="1.0" encoding="UTF-8"?>
<!-- Generated by org.testng.reporters.JUnitXMLReporter -->
<testsuite ignored="0" hostname="NGL000106" failures="0" tests="2" name="Default test" time="11.851" errors="0" timestamp="2021-09-17T16:25:31 IST">
  <testcase classname="com.persistent.testcases.home.HomePageTest" name="verifyLogoutLinkTest" time="0.161"/>
  <testcase classname="com.persistent.testcases.home.HomePageTest" name="verifyMessageLinkTest" time="0.189"/>
</testsuite> <!-- Default test -->
